<?xml version="1.0" encoding="UTF-8"?>
<!-- Generated by org.testng.reporters.JUnitXMLReporter -->
<testsuite hostname="mayank" ignored="0" name="Default test" tests="2" failures="0" timestamp="06 May 2020 19:18:08 GMT" time="33.301" errors="0">
  <testcase name="getScreenshotForTotalApplicationsPendingApplicationWiseTest" time="5.693" classname="com.qa.eticketing.testcases.ETicketReportsTest"/>
  <testcase name="getCountForTotalApplicationsPendingApplicationWiseTest" time="0.817" classname="com.qa.eticketing.testcases.ETicketReportsTest"/>
</testsuite> <!-- Default test -->
