<?xml version="1.0" encoding="UTF-8"?>
<!-- Generated by org.testng.reporters.JUnitXMLReporter -->
<testsuite hostname="mayank" ignored="0" name="Default test" tests="2" failures="0" timestamp="27 May 2020 08:19:58 GMT" time="74.82" errors="0">
  <testcase name="getScreenshotForTotalApplicationsPendingApplicationWiseTest" time="3.295" classname="com.qa.eticketing.testcases.ETicketReportsTest"/>
  <testcase name="getCountForTotalApplicationsPendingApplicationWiseTest" time="41.167" classname="com.qa.eticketing.testcases.ETicketReportsTest"/>
</testsuite> <!-- Default test -->
