<?xml version="1.0" encoding="UTF-8"?>
<!-- Generated by org.testng.reporters.JUnitXMLReporter -->
<testsuite hostname="mayank" ignored="0" name="Test" tests="2" failures="0" timestamp="06 May 2020 15:41:49 GMT" time="25.43" errors="0">
  <testcase name="getScreenshotForTotalApplicationsPendingApplicationWiseTest" time="0.308" classname="com.qa.eticketing.testcases.ETicketReportsTest"/>
  <testcase name="getCountForTotalApplicationsPendingApplicationWiseTest" time="0.154" classname="com.qa.eticketing.testcases.ETicketReportsTest"/>
</testsuite> <!-- Test -->
